<?xml version="1.0" encoding="UTF-8"?>
<testsuite xmlns:xsi="http://www.w3.org/2001/XMLSchema-instance" xsi:noNamespaceSchemaLocation="https://maven.apache.org/surefire/maven-surefire-plugin/xsd/surefire-test-report-3.0.xsd" version="3.0" name="edu.uga.miage.m1.polygons.gui.shapes.CircleTest" time="0.163" tests="6" errors="0" skipped="0" failures="0">
  <properties>
    <property name="java.specification.version" value="18"/>
    <property name="sun.cpu.isalist" value="amd64"/>
    <property name="sonar.login" value="8c41d93273abd22db3ddb4078fae84f449854890"/>
    <property name="sun.jnu.encoding" value="Cp1252"/>
    <property name="java.class.path" value="C:\Users\jerem\Documents\Cours\PC_persistence\target\test-classes;C:\Users\jerem\Documents\Cours\PC_persistence\target\classes;C:\Users\jerem\.m2\repository\org\glassfish\javax.json\1.1.4\javax.json-1.1.4.jar;C:\Users\jerem\.m2\repository\com\sun\xml\bind\jaxb-core\2.3.0.1\jaxb-core-2.3.0.1.jar;C:\Users\jerem\.m2\repository\javax\xml\bind\jaxb-api\2.3.1\jaxb-api-2.3.1.jar;C:\Users\jerem\.m2\repository\javax\activation\javax.activation-api\1.2.0\javax.activation-api-1.2.0.jar;C:\Users\jerem\.m2\repository\com\sun\xml\bind\jaxb-impl\2.3.1\jaxb-impl-2.3.1.jar;C:\Users\jerem\.m2\repository\org\javassist\javassist\3.25.0-GA\javassist-3.25.0-GA.jar;C:\Users\jerem\.m2\repository\com\fasterxml\jackson\core\jackson-annotations\2.14.0\jackson-annotations-2.14.0.jar;C:\Users\jerem\.m2\repository\com\fasterxml\jackson\core\jackson-databind\2.14.0\jackson-databind-2.14.0.jar;C:\Users\jerem\.m2\repository\com\fasterxml\jackson\core\jackson-core\2.14.0\jackson-core-2.14.0.jar;C:\Users\jerem\.m2\repository\org\json\json\20220924\json-20220924.jar;C:\Users\jerem\.m2\repository\org\projectlombok\lombok\1.18.24\lombok-1.18.24.jar;C:\Users\jerem\.m2\repository\org\mockito\mockito-core\4.8.0\mockito-core-4.8.0.jar;C:\Users\jerem\.m2\repository\net\bytebuddy\byte-buddy\1.12.14\byte-buddy-1.12.14.jar;C:\Users\jerem\.m2\repository\net\bytebuddy\byte-buddy-agent\1.12.14\byte-buddy-agent-1.12.14.jar;C:\Users\jerem\.m2\repository\org\objenesis\objenesis\3.2\objenesis-3.2.jar;C:\Users\jerem\.m2\repository\org\mockito\mockito-inline\4.8.0\mockito-inline-4.8.0.jar;C:\Users\jerem\.m2\repository\org\mockito\mockito-junit-jupiter\4.8.0\mockito-junit-jupiter-4.8.0.jar;C:\Users\jerem\.m2\repository\org\junit\jupiter\junit-jupiter-api\5.9.0\junit-jupiter-api-5.9.0.jar;C:\Users\jerem\.m2\repository\org\opentest4j\opentest4j\1.2.0\opentest4j-1.2.0.jar;C:\Users\jerem\.m2\repository\org\junit\platform\junit-platform-commons\1.9.0\junit-platform-commons-1.9.0.jar;C:\Users\jerem\.m2\repository\org\powermock\powermock-module-junit4\2.0.9\powermock-module-junit4-2.0.9.jar;C:\Users\jerem\.m2\repository\org\powermock\powermock-module-junit4-common\2.0.9\powermock-module-junit4-common-2.0.9.jar;C:\Users\jerem\.m2\repository\org\powermock\powermock-reflect\2.0.9\powermock-reflect-2.0.9.jar;C:\Users\jerem\.m2\repository\org\powermock\powermock-core\2.0.9\powermock-core-2.0.9.jar;C:\Users\jerem\.m2\repository\org\hamcrest\hamcrest-core\1.3\hamcrest-core-1.3.jar;C:\Users\jerem\.m2\repository\org\powermock\powermock-api-mockito2\2.0.9\powermock-api-mockito2-2.0.9.jar;C:\Users\jerem\.m2\repository\org\powermock\powermock-api-support\2.0.9\powermock-api-support-2.0.9.jar;C:\Users\jerem\.m2\repository\org\assertj\assertj-swing-junit\3.17.1\assertj-swing-junit-3.17.1.jar;C:\Users\jerem\.m2\repository\org\assertj\assertj-swing\3.17.1\assertj-swing-3.17.1.jar;C:\Users\jerem\.m2\repository\org\assertj\assertj-core\3.17.2\assertj-core-3.17.2.jar;C:\Users\jerem\.m2\repository\org\easytesting\fest-util\1.2.5\fest-util-1.2.5.jar;C:\Users\jerem\.m2\repository\org\easytesting\fest-reflect\1.4.1\fest-reflect-1.4.1.jar;C:\Users\jerem\.m2\repository\org\junit\jupiter\junit-jupiter-params\5.9.0\junit-jupiter-params-5.9.0.jar;C:\Users\jerem\.m2\repository\org\apiguardian\apiguardian-api\1.1.2\apiguardian-api-1.1.2.jar;C:\Users\jerem\.m2\repository\junit\junit\4.13.2\junit-4.13.2.jar;"/>
    <property name="java.vm.vendor" value="Oracle Corporation"/>
    <property name="sun.arch.data.model" value="64"/>
    <property name="user.variant" value=""/>
    <property name="java.vendor.url" value="https://java.oracle.com/"/>
    <property name="user.timezone" value="Europe/Paris"/>
    <property name="os.name" value="Windows 11"/>
    <property name="java.vm.specification.version" value="18"/>
    <property name="sun.java.launcher" value="SUN_STANDARD"/>
    <property name="user.country" value="FR"/>
    <property name="sun.boot.library.path" value="C:\Program Files\Java\jdk-18.0.2.1\bin"/>
    <property name="sun.java.command" value="C:\Users\jerem\AppData\Local\Temp\surefire2858697490962151446\surefirebooter3416511652478000651.jar C:\Users\jerem\AppData\Local\Temp\surefire2858697490962151446 2022-11-17T13-48-09_275-jvmRun1 surefire17768748539301421999tmp surefire_0480996489680162784tmp"/>
    <property name="jdk.debug" value="release"/>
    <property name="surefire.test.class.path" value="C:\Users\jerem\Documents\Cours\PC_persistence\target\test-classes;C:\Users\jerem\Documents\Cours\PC_persistence\target\classes;C:\Users\jerem\.m2\repository\org\glassfish\javax.json\1.1.4\javax.json-1.1.4.jar;C:\Users\jerem\.m2\repository\com\sun\xml\bind\jaxb-core\2.3.0.1\jaxb-core-2.3.0.1.jar;C:\Users\jerem\.m2\repository\javax\xml\bind\jaxb-api\2.3.1\jaxb-api-2.3.1.jar;C:\Users\jerem\.m2\repository\javax\activation\javax.activation-api\1.2.0\javax.activation-api-1.2.0.jar;C:\Users\jerem\.m2\repository\com\sun\xml\bind\jaxb-impl\2.3.1\jaxb-impl-2.3.1.jar;C:\Users\jerem\.m2\repository\org\javassist\javassist\3.25.0-GA\javassist-3.25.0-GA.jar;C:\Users\jerem\.m2\repository\com\fasterxml\jackson\core\jackson-annotations\2.14.0\jackson-annotations-2.14.0.jar;C:\Users\jerem\.m2\repository\com\fasterxml\jackson\core\jackson-databind\2.14.0\jackson-databind-2.14.0.jar;C:\Users\jerem\.m2\repository\com\fasterxml\jackson\core\jackson-core\2.14.0\jackson-core-2.14.0.jar;C:\Users\jerem\.m2\repository\org\json\json\20220924\json-20220924.jar;C:\Users\jerem\.m2\repository\org\projectlombok\lombok\1.18.24\lombok-1.18.24.jar;C:\Users\jerem\.m2\repository\org\mockito\mockito-core\4.8.0\mockito-core-4.8.0.jar;C:\Users\jerem\.m2\repository\net\bytebuddy\byte-buddy\1.12.14\byte-buddy-1.12.14.jar;C:\Users\jerem\.m2\repository\net\bytebuddy\byte-buddy-agent\1.12.14\byte-buddy-agent-1.12.14.jar;C:\Users\jerem\.m2\repository\org\objenesis\objenesis\3.2\objenesis-3.2.jar;C:\Users\jerem\.m2\repository\org\mockito\mockito-inline\4.8.0\mockito-inline-4.8.0.jar;C:\Users\jerem\.m2\repository\org\mockito\mockito-junit-jupiter\4.8.0\mockito-junit-jupiter-4.8.0.jar;C:\Users\jerem\.m2\repository\org\junit\jupiter\junit-jupiter-api\5.9.0\junit-jupiter-api-5.9.0.jar;C:\Users\jerem\.m2\repository\org\opentest4j\opentest4j\1.2.0\opentest4j-1.2.0.jar;C:\Users\jerem\.m2\repository\org\junit\platform\junit-platform-commons\1.9.0\junit-platform-commons-1.9.0.jar;C:\Users\jerem\.m2\repository\org\powermock\powermock-module-junit4\2.0.9\powermock-module-junit4-2.0.9.jar;C:\Users\jerem\.m2\repository\org\powermock\powermock-module-junit4-common\2.0.9\powermock-module-junit4-common-2.0.9.jar;C:\Users\jerem\.m2\repository\org\powermock\powermock-reflect\2.0.9\powermock-reflect-2.0.9.jar;C:\Users\jerem\.m2\repository\org\powermock\powermock-core\2.0.9\powermock-core-2.0.9.jar;C:\Users\jerem\.m2\repository\org\hamcrest\hamcrest-core\1.3\hamcrest-core-1.3.jar;C:\Users\jerem\.m2\repository\org\powermock\powermock-api-mockito2\2.0.9\powermock-api-mockito2-2.0.9.jar;C:\Users\jerem\.m2\repository\org\powermock\powermock-api-support\2.0.9\powermock-api-support-2.0.9.jar;C:\Users\jerem\.m2\repository\org\assertj\assertj-swing-junit\3.17.1\assertj-swing-junit-3.17.1.jar;C:\Users\jerem\.m2\repository\org\assertj\assertj-swing\3.17.1\assertj-swing-3.17.1.jar;C:\Users\jerem\.m2\repository\org\assertj\assertj-core\3.17.2\assertj-core-3.17.2.jar;C:\Users\jerem\.m2\repository\org\easytesting\fest-util\1.2.5\fest-util-1.2.5.jar;C:\Users\jerem\.m2\repository\org\easytesting\fest-reflect\1.4.1\fest-reflect-1.4.1.jar;C:\Users\jerem\.m2\repository\org\junit\jupiter\junit-jupiter-params\5.9.0\junit-jupiter-params-5.9.0.jar;C:\Users\jerem\.m2\repository\org\apiguardian\apiguardian-api\1.1.2\apiguardian-api-1.1.2.jar;C:\Users\jerem\.m2\repository\junit\junit\4.13.2\junit-4.13.2.jar;"/>
    <property name="sun.cpu.endian" value="little"/>
    <property name="user.home" value="C:\Users\jerem"/>
    <property name="user.language" value="fr"/>
    <property name="java.specification.vendor" value="Oracle Corporation"/>
    <property name="java.version.date" value="2022-08-18"/>
    <property name="java.home" value="C:\Program Files\Java\jdk-18.0.2.1"/>
    <property name="file.separator" value="\"/>
    <property name="basedir" value="C:\Users\jerem\Documents\Cours\PC_persistence"/>
    <property name="java.vm.compressedOopsMode" value="Zero based"/>
    <property name="line.separator" value="&#10;"/>
    <property name="java.vm.specification.vendor" value="Oracle Corporation"/>
    <property name="java.specification.name" value="Java Platform API Specification"/>
    <property name="surefire.real.class.path" value="C:\Users\jerem\AppData\Local\Temp\surefire2858697490962151446\surefirebooter3416511652478000651.jar"/>
    <property name="user.script" value=""/>
    <property name="sun.management.compiler" value="HotSpot 64-Bit Tiered Compilers"/>
    <property name="java.runtime.version" value="18.0.2.1+1-1"/>
    <property name="user.name" value="jerem"/>
    <property name="path.separator" value=";"/>
    <property name="os.version" value="10.0"/>
    <property name="java.runtime.name" value="Java(TM) SE Runtime Environment"/>
    <property name="file.encoding" value="UTF-8"/>
    <property name="java.vm.name" value="Java HotSpot(TM) 64-Bit Server VM"/>
    <property name="localRepository" value="C:\Users\jerem\.m2\repository"/>
    <property name="java.vendor.url.bug" value="https://bugreport.java.com/bugreport/"/>
    <property name="java.io.tmpdir" value="C:\Users\jerem\AppData\Local\Temp\"/>
    <property name="idea.version" value="2022.2.3"/>
    <property name="java.version" value="18.0.2.1"/>
    <property name="user.dir" value="C:\Users\jerem\Documents\Cours\PC_persistence"/>
    <property name="os.arch" value="amd64"/>
    <property name="java.vm.specification.name" value="Java Virtual Machine Specification"/>
    <property name="sun.os.patch.level" value=""/>
    <property name="native.encoding" value="Cp1252"/>
    <property name="java.library.path" value="C:\Program Files\Java\jdk-18.0.2.1\bin;C:\Windows\Sun\Java\bin;C:\Windows\system32;C:\Windows;C:\Program Files (x86)\Razer Chroma SDK\bin;C:\Program Files\Razer Chroma SDK\bin;C:\Program Files (x86)\Razer\ChromaBroadcast\bin;C:\Program Files\Razer\ChromaBroadcast\bin;C:\Program Files\Common Files\Oracle\Java\javapath;C:\Windows\system32;C:\Windows;C:\Windows\System32\Wbem;C:\Windows\System32\WindowsPowerShell\v1.0\;C:\Windows\System32\OpenSSH\;C:\Program Files\dotnet\;C:\Program Files\NVIDIA Corporation\NVIDIA NvDLISR;C:\Program Files (x86)\apache-maven-3.8.6\bin;C:\Program Files\Git\cmd;C:\Program Files (x86)\NVIDIA Corporation\PhysX\Common;C:\Windows\system32\config\systemprofile\AppData\Local\Microsoft\WindowsApps;C:\Users\jerem\AppData\Local\Microsoft\WindowsApps;C:\Users\jerem\AppData\Local\JetBrains\Toolbox\scripts;."/>
    <property name="java.vm.info" value="mixed mode, sharing"/>
    <property name="java.vendor" value="Oracle Corporation"/>
    <property name="java.vm.version" value="18.0.2.1+1-1"/>
    <property name="sun.io.unicode.encoding" value="UnicodeLittle"/>
    <property name="java.class.version" value="62.0"/>
  </properties>
  <testcase name="isInsideKO(int, int)[1]" classname="edu.uga.miage.m1.polygons.gui.shapes.CircleTest" time="0.063"/>
  <testcase name="isInsideKO(int, int)[2]" classname="edu.uga.miage.m1.polygons.gui.shapes.CircleTest" time="0"/>
  <testcase name="isInsideKO(int, int)[3]" classname="edu.uga.miage.m1.polygons.gui.shapes.CircleTest" time="0.001"/>
  <testcase name="isInsideOK(int, int)[1]" classname="edu.uga.miage.m1.polygons.gui.shapes.CircleTest" time="0.003"/>
  <testcase name="isInsideOK(int, int)[2]" classname="edu.uga.miage.m1.polygons.gui.shapes.CircleTest" time="0"/>
  <testcase name="isInsideOK(int, int)[3]" classname="edu.uga.miage.m1.polygons.gui.shapes.CircleTest" time="0"/>
</testsuite>